<?xml version="1.0" encoding="UTF-8"?>
<testng-results skipped="0" failed="0" total="1" passed="1">
  <reporter-output>
  </reporter-output>
  <suite name="Command line suite" duration-ms="68" started-at="2015-09-24T13:30:07Z" finished-at="2015-09-24T13:30:07Z">
    <groups>
    </groups>
    <test name="Command line test" duration-ms="68" started-at="2015-09-24T13:30:07Z" finished-at="2015-09-24T13:30:07Z">
      <class name="za.ac.PremierSoccerLeague.AppTest">
        <test-method status="PASS" signature="testApp()[pri:0, instance:testApp(za.ac.PremierSoccerLeague.AppTest)]" name="testApp" duration-ms="4" started-at="2015-09-24T15:30:07Z" finished-at="2015-09-24T15:30:07Z">
          <reporter-output>
          </reporter-output>
        </test-method> <!-- testApp -->
      </class> <!-- za.ac.PremierSoccerLeague.AppTest -->
    </test> <!-- Command line test -->
  </suite> <!-- Command line suite -->
</testng-results>
