<?xml version="1.0" encoding="UTF-8"?>
<testng-results skipped="0" failed="0" total="1" passed="1">
  <reporter-output>
  </reporter-output>
  <suite name="Command line suite" duration-ms="13093" started-at="2016-09-01T11:12:26Z" finished-at="2016-09-01T11:12:39Z">
    <groups>
    </groups>
    <test name="Command line test" duration-ms="13093" started-at="2016-09-01T11:12:26Z" finished-at="2016-09-01T11:12:39Z">
      <class name="za.ac.PremierSoccerLeague.repositoryTest.PlayerTest">
        <test-method status="PASS" signature="springTestContextBeforeTestClass()[pri:0, instance:za.ac.PremierSoccerLeague.repositoryTest.PlayerTest@31ac05]" name="springTestContextBeforeTestClass" is-config="true" duration-ms="11" started-at="2016-09-01T13:12:26Z" finished-at="2016-09-01T13:12:26Z">
          <reporter-output>
          </reporter-output>
        </test-method> <!-- springTestContextBeforeTestClass -->
        <test-method status="PASS" signature="springTestContextPrepareTestInstance()[pri:0, instance:za.ac.PremierSoccerLeague.repositoryTest.PlayerTest@31ac05]" name="springTestContextPrepareTestInstance" is-config="true" duration-ms="12944" started-at="2016-09-01T13:12:26Z" depends-on-methods="org.springframework.test.context.testng.AbstractTestNGSpringContextTests.springTestContextBeforeTestClass" finished-at="2016-09-01T13:12:39Z">
          <reporter-output>
          </reporter-output>
        </test-method> <!-- springTestContextPrepareTestInstance -->
        <test-method status="PASS" signature="springTestContextBeforeTestMethod(java.lang.reflect.Method)[pri:0, instance:za.ac.PremierSoccerLeague.repositoryTest.PlayerTest@31ac05]" name="springTestContextBeforeTestMethod" is-config="true" duration-ms="0" started-at="2016-09-01T13:12:39Z" finished-at="2016-09-01T13:12:39Z">
          <params>
            <param index="0">
              <value>
                <![CDATA[public void za.ac.PremierSoccerLeague.repositoryTest.PlayerTest.testCreate() throws java.lang.Exception]]>
              </value>
            </param>
          </params>
          <reporter-output>
          </reporter-output>
        </test-method> <!-- springTestContextBeforeTestMethod -->
        <test-method status="PASS" signature="testCreate()[pri:0, instance:za.ac.PremierSoccerLeague.repositoryTest.PlayerTest@31ac05]" name="testCreate" duration-ms="123" started-at="2016-09-01T13:12:39Z" finished-at="2016-09-01T13:12:39Z">
          <reporter-output>
          </reporter-output>
        </test-method> <!-- testCreate -->
        <test-method status="PASS" signature="setUp()[pri:0, instance:za.ac.PremierSoccerLeague.repositoryTest.PlayerTest@31ac05]" name="setUp" is-config="true" duration-ms="0" started-at="2016-09-01T13:12:39Z" finished-at="2016-09-01T13:12:39Z">
          <reporter-output>
          </reporter-output>
        </test-method> <!-- setUp -->
        <test-method status="PASS" signature="springTestContextAfterTestMethod(java.lang.reflect.Method)[pri:0, instance:za.ac.PremierSoccerLeague.repositoryTest.PlayerTest@31ac05]" name="springTestContextAfterTestMethod" is-config="true" duration-ms="2" started-at="2016-09-01T13:12:39Z" finished-at="2016-09-01T13:12:39Z">
          <params>
            <param index="0">
              <value>
                <![CDATA[public void za.ac.PremierSoccerLeague.repositoryTest.PlayerTest.testCreate() throws java.lang.Exception]]>
              </value>
            </param>
          </params>
          <reporter-output>
          </reporter-output>
        </test-method> <!-- springTestContextAfterTestMethod -->
        <test-method status="PASS" signature="springTestContextAfterTestClass()[pri:0, instance:za.ac.PremierSoccerLeague.repositoryTest.PlayerTest@31ac05]" name="springTestContextAfterTestClass" is-config="true" duration-ms="0" started-at="2016-09-01T13:12:39Z" finished-at="2016-09-01T13:12:39Z">
          <reporter-output>
          </reporter-output>
        </test-method> <!-- springTestContextAfterTestClass -->
      </class> <!-- za.ac.PremierSoccerLeague.repositoryTest.PlayerTest -->
    </test> <!-- Command line test -->
  </suite> <!-- Command line suite -->
</testng-results>
